

Version:	3.14
CmdLine:	E:\Programming\Projects\Basher\Basher.exe --l4j-debug
WOW64:		yes
Working dir:	E:\Programming\Projects\Basher\.
Java min ver:	1.007.000
Java max ver:	
64-bit search:	SOFTWARE\JavaSoft\Java Runtime Environment...
32-bit search:	SOFTWARE\JavaSoft\Java Runtime Environment...
Check:		SOFTWARE\JavaSoft\Java Runtime Environment\1.8
Check launcher:	C:\Program Files (x86)\Java\jre1.8.0_281\bin\javaw.exe (OK)
Match:		1.008.000
Check:		SOFTWARE\JavaSoft\Java Runtime Environment\1.8.0_281
Check launcher:	C:\Program Files (x86)\Java\jre1.8.0_281\bin\javaw.exe (OK)
Match:		1.008.000_281
64-bit search:	SOFTWARE\JavaSoft\Java Development Kit...
32-bit search:	SOFTWARE\JavaSoft\Java Development Kit...
64-bit search:	SOFTWARE\JavaSoft\JRE...
32-bit search:	SOFTWARE\JavaSoft\JRE...
64-bit search:	SOFTWARE\JavaSoft\JDK...
32-bit search:	SOFTWARE\JavaSoft\JDK...
Runtime used:	1.008.000_281 (32-bit)
Launcher:	C:\Program Files (x86)\Java\jre1.8.0_281\bin\javaw.exe
Launcher args:	-jar "E:\Programming\Projects\Basher\Basher.exe"
Args length:	48/32768 chars
Exit code:	0


Version:	3.14
CmdLine:	E:\Programming\Projects\Basher\Basher.exe --l4j-debug
WOW64:		yes
Working dir:	E:\Programming\Projects\Basher\.
Java min ver:	1.007.000
Java max ver:	
64-bit search:	SOFTWARE\JavaSoft\Java Runtime Environment...
32-bit search:	SOFTWARE\JavaSoft\Java Runtime Environment...
Check:		SOFTWARE\JavaSoft\Java Runtime Environment\1.8
Check launcher:	C:\Program Files (x86)\Java\jre1.8.0_281\bin\javaw.exe (OK)
Match:		1.008.000
Check:		SOFTWARE\JavaSoft\Java Runtime Environment\1.8.0_281
Check launcher:	C:\Program Files (x86)\Java\jre1.8.0_281\bin\javaw.exe (OK)
Match:		1.008.000_281
64-bit search:	SOFTWARE\JavaSoft\Java Development Kit...
32-bit search:	SOFTWARE\JavaSoft\Java Development Kit...
64-bit search:	SOFTWARE\JavaSoft\JRE...
32-bit search:	SOFTWARE\JavaSoft\JRE...
64-bit search:	SOFTWARE\JavaSoft\JDK...
32-bit search:	SOFTWARE\JavaSoft\JDK...
Runtime used:	1.008.000_281 (32-bit)
Launcher:	C:\Program Files (x86)\Java\jre1.8.0_281\bin\javaw.exe
Launcher args:	-jar "E:\Programming\Projects\Basher\Basher.exe"
Args length:	48/32768 chars
Exit code:	0


Version:	3.14
CmdLine:	E:\Programming\Projects\Basher\Basher.exe --l4j-debug
WOW64:		yes
Working dir:	E:\Programming\Projects\Basher\.
Java min ver:	1.007.000
Java max ver:	
64-bit search:	SOFTWARE\JavaSoft\Java Runtime Environment...
32-bit search:	SOFTWARE\JavaSoft\Java Runtime Environment...
Check:		SOFTWARE\JavaSoft\Java Runtime Environment\1.8
Check launcher:	C:\Program Files (x86)\Java\jre1.8.0_281\bin\javaw.exe (OK)
Match:		1.008.000
Check:		SOFTWARE\JavaSoft\Java Runtime Environment\1.8.0_281
Check launcher:	C:\Program Files (x86)\Java\jre1.8.0_281\bin\javaw.exe (OK)
Match:		1.008.000_281
64-bit search:	SOFTWARE\JavaSoft\Java Development Kit...
32-bit search:	SOFTWARE\JavaSoft\Java Development Kit...
64-bit search:	SOFTWARE\JavaSoft\JRE...
32-bit search:	SOFTWARE\JavaSoft\JRE...
64-bit search:	SOFTWARE\JavaSoft\JDK...
32-bit search:	SOFTWARE\JavaSoft\JDK...
Runtime used:	1.008.000_281 (32-bit)
Launcher:	C:\Program Files (x86)\Java\jre1.8.0_281\bin\javaw.exe
Launcher args:	-jar "E:\Programming\Projects\Basher\Basher.exe"
Args length:	48/32768 chars
Exit code:	0


Version:	3.14
CmdLine:	E:\Programming\Projects\Basher\Basher.exe --l4j-debug
WOW64:		yes
Working dir:	E:\Programming\Projects\Basher\.
Java min ver:	1.008.000
Java max ver:	
64-bit search:	SOFTWARE\JavaSoft\Java Development Kit...
32-bit search:	SOFTWARE\JavaSoft\Java Development Kit...
64-bit search:	SOFTWARE\JavaSoft\Java Runtime Environment...
32-bit search:	SOFTWARE\JavaSoft\Java Runtime Environment...
Check:		SOFTWARE\JavaSoft\Java Runtime Environment\1.8
Check launcher:	C:\Program Files (x86)\Java\jre1.8.0_281\bin\javaw.exe (OK)
Match:		1.008.000
Check:		SOFTWARE\JavaSoft\Java Runtime Environment\1.8.0_281
Check launcher:	C:\Program Files (x86)\Java\jre1.8.0_281\bin\javaw.exe (OK)
Match:		1.008.000_281
64-bit search:	SOFTWARE\JavaSoft\JDK...
32-bit search:	SOFTWARE\JavaSoft\JDK...
64-bit search:	SOFTWARE\JavaSoft\JRE...
32-bit search:	SOFTWARE\JavaSoft\JRE...
Runtime used:	1.008.000_281 (32-bit)
Launcher:	C:\Program Files (x86)\Java\jre1.8.0_281\bin\javaw.exe
Launcher args:	-jar "E:\Programming\Projects\Basher\Basher.exe"
Args length:	48/32768 chars
Exit code:	0


Version:	3.14
CmdLine:	E:\Programming\Projects\Basher\Basher.exe --l4j-debug
WOW64:		yes
Working dir:	E:\Programming\Projects\Basher\.
Java min ver:	1.008.000
Java max ver:	
64-bit search:	SOFTWARE\JavaSoft\Java Runtime Environment...
32-bit search:	SOFTWARE\JavaSoft\Java Runtime Environment...
Check:		SOFTWARE\JavaSoft\Java Runtime Environment\1.8
Check launcher:	C:\Program Files (x86)\Java\jre1.8.0_281\bin\javaw.exe (OK)
Match:		1.008.000
Check:		SOFTWARE\JavaSoft\Java Runtime Environment\1.8.0_281
Check launcher:	C:\Program Files (x86)\Java\jre1.8.0_281\bin\javaw.exe (OK)
Match:		1.008.000_281
64-bit search:	SOFTWARE\JavaSoft\Java Development Kit...
32-bit search:	SOFTWARE\JavaSoft\Java Development Kit...
64-bit search:	SOFTWARE\JavaSoft\JRE...
32-bit search:	SOFTWARE\JavaSoft\JRE...
64-bit search:	SOFTWARE\JavaSoft\JDK...
32-bit search:	SOFTWARE\JavaSoft\JDK...
Runtime used:	1.008.000_281 (32-bit)
Launcher:	C:\Program Files (x86)\Java\jre1.8.0_281\bin\javaw.exe
Launcher args:	-jar "E:\Programming\Projects\Basher\Basher.exe"
Args length:	48/32768 chars
Exit code:	0


Version:	3.14
CmdLine:	E:\Programming\Projects\Basher\Basher.exe --l4j-debug
WOW64:		yes
Working dir:	E:\Programming\Projects\Basher\.
Java min ver:	1.008.000
Java max ver:	
64-bit search:	SOFTWARE\JavaSoft\Java Runtime Environment...
32-bit search:	SOFTWARE\JavaSoft\Java Runtime Environment...
Check:		SOFTWARE\JavaSoft\Java Runtime Environment\1.8
Check launcher:	C:\Program Files (x86)\Java\jre1.8.0_281\bin\javaw.exe (OK)
Match:		1.008.000
Check:		SOFTWARE\JavaSoft\Java Runtime Environment\1.8.0_281
Check launcher:	C:\Program Files (x86)\Java\jre1.8.0_281\bin\javaw.exe (OK)
Match:		1.008.000_281
64-bit search:	SOFTWARE\JavaSoft\JRE...
32-bit search:	SOFTWARE\JavaSoft\JRE...
Runtime used:	1.008.000_281 (32-bit)
Launcher:	C:\Program Files (x86)\Java\jre1.8.0_281\bin\javaw.exe
Launcher args:	-jar "E:\Programming\Projects\Basher\Basher.exe"
Args length:	48/32768 chars
Exit code:	0


Version:	3.14
CmdLine:	E:\Programming\Projects\Basher\Basher.exe --l4j-debug
WOW64:		yes
Working dir:	E:\Programming\Projects\Basher\.
Java min ver:	1.008.000
Java max ver:	
64-bit search:	SOFTWARE\JavaSoft\Java Runtime Environment...
32-bit search:	SOFTWARE\JavaSoft\Java Runtime Environment...
Check:		SOFTWARE\JavaSoft\Java Runtime Environment\1.8
Check launcher:	C:\Program Files (x86)\Java\jre1.8.0_281\bin\javaw.exe (OK)
Match:		1.008.000
Check:		SOFTWARE\JavaSoft\Java Runtime Environment\1.8.0_281
Check launcher:	C:\Program Files (x86)\Java\jre1.8.0_281\bin\javaw.exe (OK)
Match:		1.008.000_281
64-bit search:	SOFTWARE\JavaSoft\JRE...
32-bit search:	SOFTWARE\JavaSoft\JRE...
Runtime used:	1.008.000_281 (32-bit)
Launcher:	C:\Program Files (x86)\Java\jre1.8.0_281\bin\javaw.exe
Launcher args:	-jar "E:\Programming\Projects\Basher\Basher.exe"
Args length:	48/32768 chars
Exit code:	0


Version:	3.14
CmdLine:	E:\Programming\Projects\Basher\Basher.exe --l4j-debug
WOW64:		yes
Working dir:	E:\Programming\Projects\Basher\.
Java min ver:	1.008.000
Java max ver:	
Bundled JRE(s):	jre\bin\javaw.exe
Check launcher:	E:\Programming\Projects\Basher\jre\bin\javaw.exe\bin\javaw.exe (not found)
64-bit search:	SOFTWARE\JavaSoft\Java Runtime Environment...
32-bit search:	SOFTWARE\JavaSoft\Java Runtime Environment...
Check:		SOFTWARE\JavaSoft\Java Runtime Environment\1.8
Check launcher:	C:\Program Files (x86)\Java\jre1.8.0_281\bin\javaw.exe (OK)
Match:		1.008.000
Check:		SOFTWARE\JavaSoft\Java Runtime Environment\1.8.0_281
Check launcher:	C:\Program Files (x86)\Java\jre1.8.0_281\bin\javaw.exe (OK)
Match:		1.008.000_281
64-bit search:	SOFTWARE\JavaSoft\JRE...
32-bit search:	SOFTWARE\JavaSoft\JRE...
Runtime used:	1.008.000_281 (32-bit)
Launcher:	C:\Program Files (x86)\Java\jre1.8.0_281\bin\javaw.exe
Launcher args:	-jar "E:\Programming\Projects\Basher\Basher.exe"
Args length:	48/32768 chars
Exit code:	0


Version:	3.14
CmdLine:	E:\Programming\Projects\Basher\Basher1.exe --l4j-debug
WOW64:		yes
Working dir:	E:\Programming\Projects\Basher\.
Java min ver:	1.008.000
Java max ver:	
64-bit search:	SOFTWARE\JavaSoft\Java Runtime Environment...
32-bit search:	SOFTWARE\JavaSoft\Java Runtime Environment...
Check:		SOFTWARE\JavaSoft\Java Runtime Environment\1.8
Check launcher:	C:\Program Files (x86)\Java\jre1.8.0_281\bin\javaw.exe (OK)
Match:		1.008.000
Check:		SOFTWARE\JavaSoft\Java Runtime Environment\1.8.0_281
Check launcher:	C:\Program Files (x86)\Java\jre1.8.0_281\bin\javaw.exe (OK)
Match:		1.008.000_281
64-bit search:	SOFTWARE\JavaSoft\Java Development Kit...
32-bit search:	SOFTWARE\JavaSoft\Java Development Kit...
64-bit search:	SOFTWARE\JavaSoft\JRE...
32-bit search:	SOFTWARE\JavaSoft\JRE...
64-bit search:	SOFTWARE\JavaSoft\JDK...
32-bit search:	SOFTWARE\JavaSoft\JDK...
Runtime used:	1.008.000_281 (32-bit)
Launcher:	C:\Program Files (x86)\Java\jre1.8.0_281\bin\javaw.exe
Launcher args:	-jar "E:\Programming\Projects\Basher\Basher1.exe"
Args length:	49/32768 chars
Exit code:	0


Version:	3.14
CmdLine:	E:\Programming\Projects\Basher\Basher1.exe --l4j-debug
WOW64:		yes
Working dir:	E:\Programming\Projects\Basher\.
Java min ver:	1.008.000
Java max ver:	
64-bit search:	SOFTWARE\JavaSoft\Java Runtime Environment...
Check:		SOFTWARE\JavaSoft\Java Runtime Environment\1.8
Check launcher:	C:\Program Files\Java\jre1.8.0_281\bin\javaw.exe (OK)
Match:		1.008.000
Check:		SOFTWARE\JavaSoft\Java Runtime Environment\1.8.0_281
Check launcher:	C:\Program Files\Java\jre1.8.0_281\bin\javaw.exe (OK)
Match:		1.008.000_281
64-bit search:	SOFTWARE\JavaSoft\Java Development Kit...
Check:		SOFTWARE\JavaSoft\Java Development Kit\1.8
Ignore:		1.008.000
Check:		SOFTWARE\JavaSoft\Java Development Kit\1.8.0_281
Ignore:		1.008.000_281
64-bit search:	SOFTWARE\JavaSoft\JRE...
64-bit search:	SOFTWARE\JavaSoft\JDK...
Runtime used:	1.008.000_281 (64-bit)
Launcher:	C:\Program Files\Java\jre1.8.0_281\bin\javaw.exe
Launcher args:	-jar "E:\Programming\Projects\Basher\Basher1.exe"
Args length:	49/32768 chars
Exit code:	0
